#
# There is insufficient memory for the Java Runtime Environment to continue.
# Native memory allocation (mmap) failed to map 98566144 bytes for Failed to commit area from 0x00000000a2400000 to 0x00000000a8200000 of length 98566144.
# Possible reasons:
#   The system is out of physical RAM or swap space
#   The process is running with CompressedOops enabled, and the Java Heap may be blocking the growth of the native heap
# Possible solutions:
#   Reduce memory load on the system
#   Increase physical memory or swap space
#   Check if swap backing store is full
#   Decrease Java heap size (-Xmx/-Xms)
#   Decrease number of Java threads
#   Decrease Java thread stack sizes (-Xss)
#   Set larger code cache with -XX:ReservedCodeCacheSize=
# This output file may be truncated or incomplete.
#
#  Out of Memory Error (t:/workspace/open/src/hotspot/os/windows/os_windows.cpp:3301), pid=1068, tid=7732
#
# JRE version:  (13.0.1+9) (build )
# Java VM: OpenJDK 64-Bit Server VM (13.0.1+9, mixed mode, aot, sharing, tiered, compressed oops, g1 gc, windows-amd64)
# No core dump will be written. Minidumps are not enabled by default on client versions of Windows
#

---------------  S U M M A R Y ------------

Command Line: -Dfile.encoding=Cp1252 CAI2

Host: Intel(R) Core(TM) i5-7200U CPU @ 2.50GHz, 4 cores, 5G,  Windows 10 , 64 bit Build 18362 (10.0.18362.329)
Time: Sun Feb 23 14:46:22 2020 Eastern Standard Time elapsed time: 0 seconds (0d 0h 0m 0s)

---------------  T H R E A D  ---------------

Current thread (0x000002ae6d0fa800):  JavaThread "Unknown thread" [_thread_in_vm, id=7732, stack(0x000000d4f1100000,0x000000d4f1200000)]

Stack: [0x000000d4f1100000,0x000000d4f1200000]
Native frames: (J=compiled Java code, j=interpreted, Vv=VM code, C=native code)
V  [jvm.dll+0x626eca]
V  [jvm.dll+0x772c6a]
V  [jvm.dll+0x77441f]
V  [jvm.dll+0x774a23]
V  [jvm.dll+0x24da58]
V  [jvm.dll+0x62438a]
V  [jvm.dll+0x618f75]
V  [jvm.dll+0x30c61c]
V  [jvm.dll+0x30c452]
V  [jvm.dll+0x311bc6]
V  [jvm.dll+0x355ce6]
V  [jvm.dll+0x3554c0]
V  [jvm.dll+0x2e729a]
V  [jvm.dll+0x2e8532]
V  [jvm.dll+0x74fcd8]
V  [jvm.dll+0x363739]
V  [jvm.dll+0x732dc5]
V  [jvm.dll+0x3ce2ef]
V  [jvm.dll+0x3d0611]
C  [jli.dll+0x51ff]
C  [ucrtbase.dll+0x20e72]
C  [KERNEL32.DLL+0x17bd4]
C  [ntdll.dll+0x6ced1]


---------------  P R O C E S S  ---------------

Threads class SMR info:
_java_thread_list=0x00007ffdf55246b8, length=0, elements={
}

Java Threads: ( => current thread )

Other Threads:
  0x000002ae6d136000 GCTaskThread "GC Thread#0" [stack: 0x000000d4f1200000,0x000000d4f1300000] [id=12024]
  0x000002ae6d146800 ConcurrentGCThread "G1 Main Marker" [stack: 0x000000d4f1300000,0x000000d4f1400000] [id=5880]
  0x000002ae6d148800 ConcurrentGCThread "G1 Conc#0" [stack: 0x000000d4f1400000,0x000000d4f1500000] [id=6300]

[error occurred during error reporting (printing all threads), id 0xc0000005, EXCEPTION_ACCESS_VIOLATION (0xc0000005) at pc=0x00007ffdf4d56f67]

VM state:not at safepoint (not fully initialized)

VM Mutex/Monitor currently owned by a thread:  ([mutex/lock_event])
[0x000002ae6d0f79d0] Heap_lock - owner thread: 0x000002ae6d0fa800

Heap address: 0x00000000a2400000, size: 1500 MB, Compressed Oops mode: Non-zero based: 0x00000000a2400000
Narrow klass base: 0x0000000000000000, Narrow klass shift: 0

GC Heap History (0 events):
No events

Deoptimization events (0 events):
No events

Classes unloaded (0 events):
No events

Classes redefined (0 events):
No events

Internal exceptions (0 events):
No events

Events (8 events):
Event: 0.007 Loaded shared library C:\Users\kewab\Desktop\jdk-13.0.1\bin\zip.dll
Event: 0.007 Loaded shared library C:\Users\kewab\Desktop\jdk-13.0.1\bin\jimage.dll
Event: 0.009 Loading shared library C:\Users\kewab\Desktop\jdk-13.0.1\lib\libjava.base-coop.dll failed, error code 126
Event: 0.009 Loading shared library C:\Users\kewab\Desktop\jdk-13.0.1\lib\libjava.logging-coop.dll failed, error code 126
Event: 0.009 Loading shared library C:\Users\kewab\Desktop\jdk-13.0.1\lib\libjdk.compiler-coop.dll failed, error code 126
Event: 0.009 Loading shared library C:\Users\kewab\Desktop\jdk-13.0.1\lib\libjdk.scripting.nashorn-coop.dll failed, error code 126
Event: 0.009 Loading shared library C:\Users\kewab\Desktop\jdk-13.0.1\lib\libjdk.internal.vm.ci-coop.dll failed, error code 126
Event: 0.009 Loading shared library C:\Users\kewab\Desktop\jdk-13.0.1\lib\libjdk.internal.vm.compiler-coop.dll failed, error code 126


Dynamic libraries:
0x00007ff7ea5c0000 - 0x00007ff7ea5cd000 	C:\Users\kewab\Desktop\jdk-13.0.1\bin\javaw.exe
0x00007ffe54e60000 - 0x00007ffe55050000 	C:\WINDOWS\SYSTEM32\ntdll.dll
0x00007ffe544e0000 - 0x00007ffe54592000 	C:\WINDOWS\System32\KERNEL32.DLL
0x00007ffe52150000 - 0x00007ffe523f3000 	C:\WINDOWS\System32\KERNELBASE.dll
0x00007ffe52e10000 - 0x00007ffe52f0a000 	C:\WINDOWS\System32\ucrtbase.dll
0x00007ffe497e0000 - 0x00007ffe497f5000 	C:\Users\kewab\Desktop\jdk-13.0.1\bin\VCRUNTIME140.dll
0x00007ffe4a960000 - 0x00007ffe4a978000 	C:\Users\kewab\Desktop\jdk-13.0.1\bin\jli.dll
0x00007ffe53060000 - 0x00007ffe531f4000 	C:\WINDOWS\System32\USER32.dll
0x00007ffe52dc0000 - 0x00007ffe52de1000 	C:\WINDOWS\System32\win32u.dll
0x00007ffe53c50000 - 0x00007ffe53c76000 	C:\WINDOWS\System32\GDI32.dll
0x00007ffe51f30000 - 0x00007ffe520c4000 	C:\WINDOWS\System32\gdi32full.dll
0x00007ffe52cd0000 - 0x00007ffe52d6e000 	C:\WINDOWS\System32\msvcp_win.dll
0x00007ffe3f190000 - 0x00007ffe3f415000 	C:\WINDOWS\WinSxS\amd64_microsoft.windows.common-controls_6595b64144ccf1df_6.0.18362.657_none_e6c5b579130e3898\COMCTL32.dll
0x00007ffe52fc0000 - 0x00007ffe5305e000 	C:\WINDOWS\System32\msvcrt.dll
0x00007ffe54900000 - 0x00007ffe54c36000 	C:\WINDOWS\System32\combase.dll
0x00007ffe53200000 - 0x00007ffe53320000 	C:\WINDOWS\System32\RPCRT4.dll
0x00007ffe520d0000 - 0x00007ffe52150000 	C:\WINDOWS\System32\bcryptPrimitives.dll
0x00007ffe53b50000 - 0x00007ffe53b7e000 	C:\WINDOWS\System32\IMM32.DLL
0x00007ffe30000000 - 0x00007ffe3009b000 	C:\Users\kewab\Desktop\jdk-13.0.1\bin\msvcp140.dll
0x00007ffdf4a60000 - 0x00007ffdf55c6000 	C:\Users\kewab\Desktop\jdk-13.0.1\bin\server\jvm.dll
0x00007ffe54d70000 - 0x00007ffe54e13000 	C:\WINDOWS\System32\ADVAPI32.dll
0x00007ffe53a90000 - 0x00007ffe53b27000 	C:\WINDOWS\System32\sechost.dll
0x00007ffe54890000 - 0x00007ffe54898000 	C:\WINDOWS\System32\PSAPI.DLL
0x00007ffe3e180000 - 0x00007ffe3e189000 	C:\WINDOWS\SYSTEM32\WSOCK32.dll
0x00007ffe53d50000 - 0x00007ffe53dbf000 	C:\WINDOWS\System32\WS2_32.dll
0x00007ffe4f2d0000 - 0x00007ffe4f2f4000 	C:\WINDOWS\SYSTEM32\WINMM.dll
0x00007ffe3e920000 - 0x00007ffe3e92a000 	C:\WINDOWS\SYSTEM32\VERSION.dll
0x00007ffe4f2a0000 - 0x00007ffe4f2cd000 	C:\WINDOWS\SYSTEM32\WINMMBASE.dll
0x00007ffe52d70000 - 0x00007ffe52dba000 	C:\WINDOWS\System32\cfgmgr32.dll
0x00007ffe51dd0000 - 0x00007ffe51de1000 	C:\WINDOWS\System32\kernel.appcore.dll
0x00007ffe42a60000 - 0x00007ffe42a70000 	C:\Users\kewab\Desktop\jdk-13.0.1\bin\verify.dll
0x00007ffe50610000 - 0x00007ffe50804000 	C:\WINDOWS\SYSTEM32\DBGHELP.DLL
0x00007ffe38d10000 - 0x00007ffe38d3a000 	C:\WINDOWS\SYSTEM32\dbgcore.DLL
0x00007ffe2f710000 - 0x00007ffe2f736000 	C:\Users\kewab\Desktop\jdk-13.0.1\bin\java.dll
0x00007ffe302b0000 - 0x00007ffe302c7000 	C:\Users\kewab\Desktop\jdk-13.0.1\bin\zip.dll
0x00007ffe2ff40000 - 0x00007ffe2ff4a000 	C:\Users\kewab\Desktop\jdk-13.0.1\bin\jimage.dll

dbghelp: loaded successfully - version: 4.0.5 - missing functions: none
symbol engine: initialized successfully - sym options: 0x614 - pdb path: .;C:\Users\kewab\Desktop\jdk-13.0.1\bin;C:\WINDOWS\SYSTEM32;C:\WINDOWS\WinSxS\amd64_microsoft.windows.common-controls_6595b64144ccf1df_6.0.18362.657_none_e6c5b579130e3898;C:\Users\kewab\Desktop\jdk-13.0.1\bin\server

VM Arguments:
jvm_args: -Dfile.encoding=Cp1252 
java_command: CAI2
java_class_path (initial): C:\Users\kewab\eclipse-workspace\Bailey_assignment3\Bailey_problem1\bin
Launcher Type: SUN_STANDARD

[Global flags]
     intx CICompilerCount                          = 3                                         {product} {ergonomic}
     uint ConcGCThreads                            = 1                                         {product} {ergonomic}
     uint G1ConcRefinementThreads                  = 4                                         {product} {ergonomic}
   size_t G1HeapRegionSize                         = 1048576                                   {product} {ergonomic}
    uintx GCDrainStackTargetSize                   = 64                                        {product} {ergonomic}
   size_t InitialHeapSize                          = 98566144                                  {product} {ergonomic}
   size_t MarkStackSize                            = 4194304                                   {product} {ergonomic}
   size_t MaxHeapSize                              = 1572864000                                {product} {ergonomic}
   size_t MinHeapDeltaBytes                        = 1048576                                   {product} {ergonomic}
   size_t MinHeapSize                              = 8388608                                   {product} {ergonomic}
    uintx NonNMethodCodeHeapSize                   = 5830732                                {pd product} {ergonomic}
    uintx NonProfiledCodeHeapSize                  = 122913754                              {pd product} {ergonomic}
    uintx ProfiledCodeHeapSize                     = 122913754                              {pd product} {ergonomic}
    uintx ReservedCodeCacheSize                    = 251658240                              {pd product} {ergonomic}
     bool SegmentedCodeCache                       = true                                      {product} {ergonomic}
   size_t SoftMaxHeapSize                          = 1572864000                             {manageable} {ergonomic}
     bool UseCompressedClassPointers               = true                                 {lp64_product} {ergonomic}
     bool UseCompressedOops                        = true                                 {lp64_product} {ergonomic}
     bool UseG1GC                                  = true                                      {product} {ergonomic}
     bool UseLargePagesIndividualAllocation        = false                                  {pd product} {ergonomic}

Logging:
Log output configuration:
 #0: stdout all=warning uptime,level,tags
 #1: stderr all=off uptime,level,tags

Environment Variables:
JAVA_HOME=C:\Users\kewab\Desktop\jdk-13.0.1
PATH=C:/Users/kewab/Desktop/jdk-13.0.1/bin/server;C:/Users/kewab/Desktop/jdk-13.0.1/bin;C:\Program Files (x86)\Intel\iCLS Client\;C:\Program Files\Intel\iCLS Client\;C:\WINDOWS\system32;C:\WINDOWS;C:\WINDOWS\System32\Wbem;C:\WINDOWS\System32\WindowsPowerShell\v1.0\;C:\Program Files (x86)\Intel\Intel(R) Management Engine Components\DAL;C:\Program Files\Intel\Intel(R) Management Engine Components\DAL;C:\Program Files (x86)\Intel\Intel(R) Management Engine Components\IPT;C:\Program Files\Intel\Intel(R) Management Engine Components\IPT;C:\Program Files\Intel\WiFi\bin\;C:\Program Files\Common Files\Intel\WirelessCommon\;C:\WINDOWS\System32\OpenSSH\;C:\Program Files (x86)\QuickTime\QTSystem\;C:\Program Files\Git\cmd;C:\Users\kewab\Desktop\jdk-13.0.1;C:\Users\kewab\AppData\Local\Microsoft\WindowsApps;;C:\Users\kewab\Desktop;
USERNAME=kewab
OS=Windows_NT
PROCESSOR_IDENTIFIER=Intel64 Family 6 Model 142 Stepping 9, GenuineIntel



---------------  S Y S T E M  ---------------

OS: Windows 10 , 64 bit Build 18362 (10.0.18362.329)

CPU:total 4 (initial active 4) (2 cores per cpu, 2 threads per core) family 6 model 142 stepping 9, cmov, cx8, fxsr, mmx, sse, sse2, sse3, ssse3, sse4.1, sse4.2, popcnt, avx, avx2, aes, clmul, erms, 3dnowpref, lzcnt, ht, tsc, tscinvbit, bmi1, bmi2, adx, fma

Memory: 4k page, system-wide physical 5994M (806M free)
TotalPageFile size 5994M (AvailPageFile size 24M)
current process WorkingSet (physical memory assigned to process): 10M, peak: 10M
current process commit charge ("private bytes"): 51M, peak: 145M

vm_info: OpenJDK 64-Bit Server VM (13.0.1+9) for windows-amd64 JRE (13.0.1+9), built on Oct  6 2019 12:39:43 by "mach5one" with unknown MS VC++:1916

END.
